info it worked if it ends with ok
verbose cli [ 'node', '/usr/local/bin/npm', 'install', 'fs' ]
info using npm@1.1.0-beta-10
info using node@v0.6.7
verbose config file /Users/blackratdog/.npmrc
verbose config file /usr/local/etc/npmrc
verbose config file /usr/local/lib/node_modules/npm/npmrc
verbose caching /Users/blackratdog/bitstarter/package.json
verbose loadDefaults node-example@0.0.1
verbose caching /Users/blackratdog/bitstarter/node_modules/cheerio/package.json
verbose loadDefaults cheerio@0.12.0
verbose caching /Users/blackratdog/bitstarter/node_modules/commander/package.json
verbose loadDefaults commander@1.2.0
verbose caching /Users/blackratdog/bitstarter/node_modules/express/package.json
verbose loadDefaults express@2.5.11
verbose caching /Users/blackratdog/bitstarter/node_modules/restler/package.json
verbose loadDefaults restler@2.0.1
verbose from cache /Users/blackratdog/bitstarter/package.json
verbose into /Users/blackratdog/bitstarter [ 'fs' ]
verbose cache add fs
verbose cache add [ 'fs', null ]
silly cache add: name, spec, args [ undefined, 'fs', [ 'fs', null ] ]
verbose parsed url { pathname: 'fs', path: 'fs', href: 'fs' }
verbose addNamed [ 'fs', '' ]
verbose addNamed [ null, '' ]
silly name, range, hasData [ 'fs', '', false ]
verbose raw, before any munging fs
verbose url resolving [ 'https://registry.npmjs.org/', './fs' ]
verbose url resolved https://registry.npmjs.org/fs
http GET https://registry.npmjs.org/fs
http 404 https://registry.npmjs.org/fs
silly get cb [ 404,
silly get cb   { server: 'CouchDB/1.3.0 (Erlang OTP/R15B03)',
silly get cb     date: 'Tue, 09 Jul 2013 13:38:36 GMT',
silly get cb     'content-type': 'application/json',
silly get cb     'content-length': '52',
silly get cb     'cache-control': 'must-revalidate' } ]
ERR! 404 'fs' is not in the npm registry.
ERR! 404 You could maybe bug the author to publish it
ERR! 404 Note that you can also install from a tarball or folder.
ERR! 
ERR! System Darwin 12.4.0
ERR! command "node" "/usr/local/bin/npm" "install" "fs"
ERR! cwd /Users/blackratdog/bitstarter
ERR! node -v v0.6.7
ERR! npm -v 1.1.0-beta-10
ERR! code E404
ERR! message 404 Not Found: fs
verbose exit [ 1, true ]
